time="2022-08-14T16:59:27+03:00" level=info msg="create router" func="&{{}}()" file="app.go:15"
time="2022-08-14T16:59:27+03:00" level=info msg="register user handler" func="&{{}}()" file="app.go:18"
time="2022-08-14T17:02:05+03:00" level=info msg="create router" func="&{{}}()" file="app.go:14"
time="2022-08-14T17:02:05+03:00" level=info msg="register user handler" func="&{{}}()" file="app.go:17"
time="2022-08-14T17:02:05+03:00" level=info msg="start application" func="&{{}}()" file="app.go:27"
time="2022-08-14T17:02:05+03:00" level=info msg="server is listening 0.0.0.0:1234" func="&{{}}()" file="app.go:40"
time="2022-08-15T13:28:53+03:00" level=info msg="create router" func="&{{}}()" file="app.go:19"
time="2022-08-15T13:28:53+03:00" level=info msg="Read application configuration" func="&{{}}()" file="config.go:24"
time="2022-08-15T13:28:53+03:00" level=info msg="register user handler" func="&{{}}()" file="app.go:24"
time="2022-08-15T13:28:53+03:00" level=info msg="start application" func="&{{}}()" file="app.go:34"
time="2022-08-15T13:28:53+03:00" level=info msg="listen tcp" func="&{{}}()" file="app.go:52"
time="2022-08-15T13:28:53+03:00" level=info msg="server is listening 0.0.0.0:10000" func="&{{}}()" file="app.go:66"
time="2022-08-15T13:31:11+03:00" level=info msg="create router" func="&{{}}()" file="app.go:19"
time="2022-08-15T13:31:11+03:00" level=info msg="Read application configuration" func="&{{}}()" file="config.go:24"
time="2022-08-15T13:31:11+03:00" level=info msg="register user handler" func="&{{}}()" file="app.go:24"
time="2022-08-15T13:31:11+03:00" level=info msg="start application" func="&{{}}()" file="app.go:34"
time="2022-08-15T13:31:11+03:00" level=info msg="listen tcp" func="&{{}}()" file="app.go:53"
time="2022-08-15T13:31:11+03:00" level=info msg="server is listening 0.0.0.0:10000" func="&{{}}()" file="app.go:55"
time="2022-08-15T13:31:25+03:00" level=info msg="create router" func="&{{}}()" file="app.go:19"
time="2022-08-15T13:31:25+03:00" level=info msg="Read application configuration" func="&{{}}()" file="config.go:24"
time="2022-08-15T13:31:25+03:00" level=info msg="register user handler" func="&{{}}()" file="app.go:24"
time="2022-08-15T13:31:25+03:00" level=info msg="start application" func="&{{}}()" file="app.go:34"
time="2022-08-15T13:31:25+03:00" level=info msg="create socket" func="&{{}}()" file="app.go:44"
time="2022-08-15T13:31:25+03:00" level=info msg="listen unix socket" func="&{{}}()" file="app.go:47"
time="2022-08-15T13:31:25+03:00" level=info msg="server is listening unix socket /Users/mukovsky/GolandProjects/golang-rest-api/build/app.sock" func="&{{}}()" file="app.go:50"
